<?xml version="1.0" encoding="UTF-8"?>
<testng-results skipped="0" failed="0" total="2" passed="2">
  <reporter-output>
  </reporter-output>
  <suite name="Command line suite" duration-ms="19" started-at="2013-06-28T11:04:17Z" finished-at="2013-06-28T11:04:17Z">
    <groups>
    </groups>
    <test name="Command line test" duration-ms="19" started-at="2013-06-28T11:04:17Z" finished-at="2013-06-28T11:04:17Z">
      <class name="com.dealwallet.webdriver.samples.TestExample">
        <test-method status="PASS" signature="test4()" name="test4" duration-ms="8" started-at="2013-06-28T11:04:17Z" finished-at="2013-06-28T11:04:17Z">
        </test-method>
        <test-method status="PASS" signature="testLast()" name="testLast" duration-ms="0" started-at="2013-06-28T11:04:17Z" finished-at="2013-06-28T11:04:17Z">
        </test-method>
      </class>
    </test>
  </suite>
</testng-results>
